<?xml version="1.0" encoding="UTF-8"?>
<!-- Generated by org.testng.reporters.JUnitXMLReporter -->
<testsuite hostname="MacR.hi.inet" name="Default test" tests="3" failures="0" timestamp="4 Mar 2015 10:27:56 GMT" time="0.08" errors="0">
  <testcase name="testCase01" time="0.008" classname="es.ricardo.selenium.TesNGExample"/>
  <testcase name="testCase02" time="0.001" classname="es.ricardo.selenium.TesNGExample"/>
  <testcase name="testCase03" time="0.002" classname="es.ricardo.selenium.TesNGExample"/>
</testsuite> <!-- Default test -->
