<?xml version="1.0" encoding="UTF-8"?>
<testng-results skipped="0" failed="0" total="3" passed="3">
  <reporter-output>
  </reporter-output>
  <suite name="Default suite" duration-ms="80" started-at="2015-03-04T10:27:56Z" finished-at="2015-03-04T10:27:56Z">
    <groups>
    </groups>
    <test name="Default test" duration-ms="80" started-at="2015-03-04T10:27:56Z" finished-at="2015-03-04T10:27:56Z">
      <class name="es.ricardo.selenium.TesNGExample">
        <test-method status="PASS" signature="openDBConnection()[pri:0, instance:es.ricardo.selenium.TesNGExample@7d417077]" name="openDBConnection" is-config="true" duration-ms="9" started-at="2015-03-04T11:27:56Z" finished-at="2015-03-04T11:27:56Z">
          <reporter-output>
          </reporter-output>
        </test-method> <!-- openDBConnection -->
        <test-method status="PASS" signature="openBrowser()[pri:0, instance:es.ricardo.selenium.TesNGExample@7d417077]" name="openBrowser" is-config="true" duration-ms="1" started-at="2015-03-04T11:27:56Z" finished-at="2015-03-04T11:27:56Z">
          <reporter-output>
          </reporter-output>
        </test-method> <!-- openBrowser -->
        <test-method status="PASS" signature="testCase01()[pri:0, instance:es.ricardo.selenium.TesNGExample@7d417077]" name="testCase01" duration-ms="8" started-at="2015-03-04T11:27:56Z" finished-at="2015-03-04T11:27:56Z">
          <reporter-output>
          </reporter-output>
        </test-method> <!-- testCase01 -->
        <test-method status="PASS" signature="CloseBrowser()[pri:0, instance:es.ricardo.selenium.TesNGExample@7d417077]" name="CloseBrowser" is-config="true" duration-ms="1" started-at="2015-03-04T11:27:56Z" finished-at="2015-03-04T11:27:56Z">
          <reporter-output>
          </reporter-output>
        </test-method> <!-- CloseBrowser -->
        <test-method status="PASS" signature="openBrowser()[pri:0, instance:es.ricardo.selenium.TesNGExample@7d417077]" name="openBrowser" is-config="true" duration-ms="1" started-at="2015-03-04T11:27:56Z" finished-at="2015-03-04T11:27:56Z">
          <reporter-output>
          </reporter-output>
        </test-method> <!-- openBrowser -->
        <test-method status="PASS" signature="testCase02()[pri:0, instance:es.ricardo.selenium.TesNGExample@7d417077]" name="testCase02" duration-ms="1" started-at="2015-03-04T11:27:56Z" finished-at="2015-03-04T11:27:56Z">
          <reporter-output>
          </reporter-output>
        </test-method> <!-- testCase02 -->
        <test-method status="PASS" signature="CloseBrowser()[pri:0, instance:es.ricardo.selenium.TesNGExample@7d417077]" name="CloseBrowser" is-config="true" duration-ms="3" started-at="2015-03-04T11:27:56Z" finished-at="2015-03-04T11:27:56Z">
          <reporter-output>
          </reporter-output>
        </test-method> <!-- CloseBrowser -->
        <test-method status="PASS" signature="openBrowser()[pri:0, instance:es.ricardo.selenium.TesNGExample@7d417077]" name="openBrowser" is-config="true" duration-ms="1" started-at="2015-03-04T11:27:56Z" finished-at="2015-03-04T11:27:56Z">
          <reporter-output>
          </reporter-output>
        </test-method> <!-- openBrowser -->
        <test-method status="PASS" signature="testCase03()[pri:0, instance:es.ricardo.selenium.TesNGExample@7d417077]" name="testCase03" duration-ms="2" started-at="2015-03-04T11:27:56Z" finished-at="2015-03-04T11:27:56Z">
          <reporter-output>
          </reporter-output>
        </test-method> <!-- testCase03 -->
        <test-method status="PASS" signature="CloseBrowser()[pri:0, instance:es.ricardo.selenium.TesNGExample@7d417077]" name="CloseBrowser" is-config="true" duration-ms="1" started-at="2015-03-04T11:27:56Z" finished-at="2015-03-04T11:27:56Z">
          <reporter-output>
          </reporter-output>
        </test-method> <!-- CloseBrowser -->
        <test-method status="PASS" signature="CloseDBConnection()[pri:0, instance:es.ricardo.selenium.TesNGExample@7d417077]" name="CloseDBConnection" is-config="true" duration-ms="1" started-at="2015-03-04T11:27:56Z" finished-at="2015-03-04T11:27:56Z">
          <reporter-output>
          </reporter-output>
        </test-method> <!-- CloseDBConnection -->
      </class> <!-- es.ricardo.selenium.TesNGExample -->
    </test> <!-- Default test -->
  </suite> <!-- Default suite -->
</testng-results>
